\BOOKMARK [1][-]{section.0.1}{\376\377\147\120\145\231}{}% 1
\BOOKMARK [2][-]{subsection.0.1.1}{\376\377\167\363\147\120}{section.0.1}% 2
\BOOKMARK [3][-]{subsubsection.0.1.1.1}{\376\377\155\367\121\335\127\037\000,\116\000\171\315\116\272\220\040\167\363\147\120}{subsection.0.1.1}% 3
\BOOKMARK [3][-]{subsubsection.0.1.1.2}{\376\377\224\242\173\113\155\367\121\335\127\037\000/\162\171\171\315\155\367\121\335\127\037}{subsection.0.1.1}% 4
\BOOKMARK [2][-]{subsection.0.1.2}{\376\377\221\321\134\136}{section.0.1}% 5
\BOOKMARK [3][-]{subsubsection.0.1.2.1}{\376\377\224\370\224\301}{subsection.0.1.2}% 6
\BOOKMARK [3][-]{subsubsection.0.1.2.2}{\376\377\116\015\225\010\224\242}{subsection.0.1.2}% 7
\BOOKMARK [3][-]{subsubsection.0.1.2.3}{\376\377\224\233}{subsection.0.1.2}% 8
\BOOKMARK [3][-]{subsubsection.0.1.2.4}{\376\377\224\335}{subsection.0.1.2}% 9
\BOOKMARK [3][-]{subsubsection.0.1.2.5}{\376\377\224\242}{subsection.0.1.2}% 10
\BOOKMARK [3][-]{subsubsection.0.1.2.6}{\376\377\124\010\221\321}{subsection.0.1.2}% 11
\BOOKMARK [2][-]{subsection.0.1.3}{\376\377\147\050\147\120}{section.0.1}% 12
\BOOKMARK [3][-]{subsubsection.0.1.3.1}{\376\377\116\000\202\054\147\050\147\120}{subsection.0.1.3}% 13
\BOOKMARK [3][-]{subsubsection.0.1.3.2}{\376\377\200\366\124\010\147\177}{subsection.0.1.3}% 14
\BOOKMARK [3][-]{subsubsection.0.1.3.3}{\376\377\162\171\171\315\147\050\147\120}{subsection.0.1.3}% 15
\BOOKMARK [2][-]{subsection.0.1.4}{\376\377\170\026\167\363}{section.0.1}% 16
\BOOKMARK [3][-]{subsubsection.0.1.4.1}{\376\377\174\230\127\037\170\026}{subsection.0.1.4}% 17
\BOOKMARK [3][-]{subsubsection.0.1.4.2}{\376\377\155\367\121\335\127\037\170\014\127\127}{subsection.0.1.4}% 18
\BOOKMARK [3][-]{subsubsection.0.1.4.3}{\376\377\154\064\154\345\170\002\155\106}{subsection.0.1.4}% 19
\BOOKMARK [3][-]{subsubsection.0.1.4.4}{\376\377\154\064\154\345}{subsection.0.1.4}% 20
\BOOKMARK [1][-]{section.0.2}{\376\377\136\372\147\120}{}% 21
\BOOKMARK [2][-]{subsection.0.2.1}{\376\377\151\202\137\365}{section.0.2}% 22
\BOOKMARK [2][-]{subsection.0.2.2}{\376\377\145\271\127\127\156\005\123\125\000\040\000:\000\040\155\367\121\335\127\037}{section.0.2}% 23
\BOOKMARK [2][-]{subsection.0.2.3}{\376\377\145\271\127\127\156\005\123\125\000\040\000:\000\040\224\242\173\113\155\367\121\335\127\037}{section.0.2}% 24
\BOOKMARK [2][-]{subsection.0.2.4}{\376\377\145\271\127\127\156\005\123\125\000\040\000:\000\040\224\370\224\301}{section.0.2}% 25
\BOOKMARK [2][-]{subsection.0.2.5}{\376\377\145\271\127\127\156\005\123\125\000\040\000:\000\040\116\015\225\010\224\242}{section.0.2}% 26
\BOOKMARK [2][-]{subsection.0.2.6}{\376\377\145\271\127\127\156\005\123\125\000\040\000:\000\040\224\233}{section.0.2}% 27
\BOOKMARK [2][-]{subsection.0.2.7}{\376\377\145\271\127\127\156\005\123\125\000\040\000:\000\040\217\173\224\242}{section.0.2}% 28
\BOOKMARK [2][-]{subsection.0.2.8}{\376\377\145\271\127\127\156\005\123\125\000\040\000:\000\040\224\335}{section.0.2}% 29
\BOOKMARK [2][-]{subsection.0.2.9}{\376\377\145\271\127\127\156\005\123\125\000\040\000:\000\040\224\242}{section.0.2}% 30
\BOOKMARK [2][-]{subsection.0.2.10}{\376\377\145\271\127\127\156\005\123\125\000\040\000:\000\040\124\010\221\321}{section.0.2}% 31
\BOOKMARK [2][-]{subsection.0.2.11}{\376\377\145\271\127\127\156\005\123\125\000\040\000:\000\040\147\050\147\120}{section.0.2}% 32
\BOOKMARK [2][-]{subsection.0.2.12}{\376\377\145\271\127\127\156\005\123\125\000\040\000:\000\040\170\026\167\363}{section.0.2}% 33
\BOOKMARK [2][-]{subsection.0.2.13}{\376\377\162\151\124\301\156\005\123\125}{section.0.2}% 34
\BOOKMARK [3][-]{subsubsection.0.2.13.1}{\376\377\162\151\124\301\156\005\123\125\000\040\000:\000\040\224\370\224\301}{subsection.0.2.13}% 35
\BOOKMARK [3][-]{subsubsection.0.2.13.2}{\376\377\162\151\124\301\156\005\123\125\000\040\000:\000\040\116\015\225\010\224\242}{subsection.0.2.13}% 36
\BOOKMARK [3][-]{subsubsection.0.2.13.3}{\376\377\162\151\124\301\156\005\123\125\000\040\000:\000\040\224\233}{subsection.0.2.13}% 37
\BOOKMARK [3][-]{subsubsection.0.2.13.4}{\376\377\162\151\124\301\156\005\123\125\000\040\000:\000\040\224\335}{subsection.0.2.13}% 38
\BOOKMARK [3][-]{subsubsection.0.2.13.5}{\376\377\162\151\124\301\156\005\123\125\000\040\000:\000\040\224\242}{subsection.0.2.13}% 39
\BOOKMARK [3][-]{subsubsection.0.2.13.6}{\376\377\121\166\116\326\162\151\124\301}{subsection.0.2.13}% 40
\BOOKMARK [1][-]{section.0.3}{\376\377\147\072\126\150\213\276\131\007}{}% 41
\BOOKMARK [2][-]{subsection.0.3.1}{\376\377\145\275\135\345\147\072\150\260}{section.0.3}% 42
\BOOKMARK [2][-]{subsection.0.3.2}{\376\377\165\037\116\247\147\072\150\260}{section.0.3}% 43
\BOOKMARK [3][-]{subsubsection.0.3.2.1}{\376\377\131\047\127\213\124\010\221\321\160\211}{subsection.0.3.2}% 44
\BOOKMARK [3][-]{subsubsection.0.3.2.2}{\376\377\131\047\127\213\160\274\224\242\160\211}{subsection.0.3.2}% 45
\BOOKMARK [3][-]{subsubsection.0.3.2.3}{\376\377\135\345\116\032\232\330\160\211}{subsection.0.3.2}% 46
\BOOKMARK [3][-]{subsubsection.0.3.2.4}{\376\377\123\103\121\106\135\350\147\204\000-\215\205\131\047\127\213\225\073\220\040\163\257\000\050\134\074\137\267\176\364\226\077\134\024\000\051}{subsection.0.3.2}% 47
\BOOKMARK [3][-]{subsubsection.0.3.2.5}{\376\377\123\213\152\041\126\150\000/\123\213\177\051\147\072}{subsection.0.3.2}% 48
\BOOKMARK [3][-]{subsubsection.0.3.2.6}{\376\377\144\005\142\314\147\072}{subsection.0.3.2}% 49
\BOOKMARK [1][-]{section.0.4}{\376\377\135\345\121\167}{}% 50
\BOOKMARK [2][-]{subsection.0.4.1}{\376\377\145\340\227\000\165\065\122\233}{section.0.4}% 51
\BOOKMARK [3][-]{subsubsection.0.4.1.1}{\376\377\224\362\122\000}{subsection.0.4.1}% 52
\BOOKMARK [3][-]{subsubsection.0.4.1.2}{\376\377\201\032\142\113\147\266\176\321\142\116\142\113\131\127}{subsection.0.4.1}% 53
\BOOKMARK [3][-]{subsubsection.0.4.1.3}{\376\377\152\041\147\177\177\026\176\307\142\113\131\127}{subsection.0.4.1}% 54
\BOOKMARK [3][-]{subsubsection.0.4.1.4}{\376\377\176\242\150\166}{subsection.0.4.1}% 55
\BOOKMARK [3][-]{subsubsection.0.4.1.5}{\376\377\136\372\173\121\126\376\176\270}{subsection.0.4.1}% 56
\BOOKMARK [3][-]{subsubsection.0.4.1.6}{\376\377\176\330\126\376\147\177}{subsection.0.4.1}% 57
\BOOKMARK [3][-]{subsubsection.0.4.1.7}{\376\377\170\002\155\106\150\166}{subsection.0.4.1}% 58
\BOOKMARK [3][-]{subsubsection.0.4.1.8}{\376\377\131\047\127\213\142\163\142\113}{subsection.0.4.1}% 59
\BOOKMARK [3][-]{subsubsection.0.4.1.9}{\376\377\225\057\133\120}{subsection.0.4.1}% 60
\BOOKMARK [3][-]{subsubsection.0.4.1.10}{\376\377\167\363\207\166}{subsection.0.4.1}% 61
\BOOKMARK [2][-]{subsection.0.4.2}{\376\377\227\000\211\201\165\065\122\233}{section.0.4}% 62
\BOOKMARK [3][-]{subsubsection.0.4.2.1}{\376\377\165\065\122\250\131\057\133\236\147\072}{subsection.0.4.2}% 63
\BOOKMARK [3][-]{subsubsection.0.4.2.2}{\376\377\165\065\225\057}{subsection.0.4.2}% 64
\BOOKMARK [3][-]{subsubsection.0.4.2.3}{\376\377\000A\000u\000t\000o\000C\000h\000a\000i\000r\000C\000A\000D}{subsection.0.4.2}% 65
\BOOKMARK [3][-]{subsubsection.0.4.2.4}{\376\377\000A\000u\000t\000o\000C\000h\000a\000i\000r\000B\000I\000M}{subsection.0.4.2}% 66
